<?xml version="1.0" encoding="UTF-8"?>
<!-- Generated by org.testng.reporters.JUnitXMLReporter -->
<testsuite hostname="MacBook-Pro-Zamira.local" ignored="4" name="Regression1 Test" tests="2" failures="0" timestamp="2020-01-20T19:36:15 EST" time="12.826" errors="0">
  <testcase name="validationEmpHasAdded" time="6.049" classname="com.hrms.testcases.DashboardPageTest"/>
  <testcase name="welcome" time="2.111" classname="com.hrms.testcases.DashboardPageTest"/>
  <testcase name="login" time="0.0" classname="com.hrms.testcases.LoginPageTest">
    <ignored/>
  </testcase> <!-- login -->
  <testcase name="leaveLabelvalidation1" time="0.0" classname="com.hrms.testcases.LeaveListPageTest">
    <ignored/>
  </testcase> <!-- leaveLabelvalidation1 -->
  <testcase name="leaveLabelvalidation" time="0.0" classname="com.hrms.testcases.LeaveListPageTest">
    <ignored/>
  </testcase> <!-- leaveLabelvalidation -->
  <testcase name="negativeLogin" time="0.0" classname="com.hrms.testcases.LoginPageTest">
    <ignored/>
  </testcase> <!-- negativeLogin -->
</testsuite> <!-- Regression1 Test -->
