<?xml version="1.0" encoding="UTF-8"?>
<!-- Generated by org.testng.reporters.JUnitXMLReporter -->
<testsuite hostname="MacBook-Pro-Zamira.local" ignored="4" name="Smoke Test" tests="1" failures="0" timestamp="2020-01-20T18:10:56 EST" time="3.709" errors="0">
  <testcase name="login" time="1.008" classname="com.hrms.testcases.LoginPageTest"/>
  <testcase name="welcome" time="0.0" classname="com.hrms.testcases.DashboardPageTest">
    <ignored/>
  </testcase> <!-- welcome -->
  <testcase name="leaveLabelvalidation1" time="0.0" classname="com.hrms.testcases.LeaveListPageTest">
    <ignored/>
  </testcase> <!-- leaveLabelvalidation1 -->
  <testcase name="leaveLabelvalidation" time="0.0" classname="com.hrms.testcases.LeaveListPageTest">
    <ignored/>
  </testcase> <!-- leaveLabelvalidation -->
  <testcase name="negativeLogin" time="0.0" classname="com.hrms.testcases.LoginPageTest">
    <ignored/>
  </testcase> <!-- negativeLogin -->
</testsuite> <!-- Smoke Test -->
