<?xml version="1.0" encoding="UTF-8" ?>
<testsuite tests="16" failures="15" name="TestSuite" time="8.56" errors="0" skipped="0">
  <properties>
[...]
</properties>
  <testcase classname="com.hrms.testcases.LeaveListPageTest" name="leaveLabelvalidation" time="0.039">
    <failure type="java.lang.NullPointerException">java.lang.NullPointerException
	at com.hrms.testcases.LeaveListPageTest.leaveLabelvalidation(LeaveListPageTest.java:19)
</failure>
    <system-out>Configuring TestNG with: org.apache.maven.surefire.testng.conf.TestNG652Configurator@5d3411d
</system-out>
    <system-err>Starting ChromeDriver 79.0.3945.36 (3582db32b33893869b8c1339e8f4d9ed1816f143-refs/branch-heads/3945@{#614}) on port 38304
Only local connections are allowed.
Please protect ports used by ChromeDriver and related test frameworks to prevent access by malicious code.
[1580954271.241][WARNING]: This version of ChromeDriver has not been tested with Chrome version 80.
Feb 05, 2020 8:57:51 PM org.openqa.selenium.remote.ProtocolHandshake createSession
INFO: Detected dialect: W3C
</system-err>
  </testcase>
  <testcase classname="com.hrms.testcases.LeaveListPageTest" name="leaveLabelvalidation1" time="4.425">
    <failure message="did not expect to find [true] but found [false]" type="java.lang.AssertionError">java.lang.AssertionError: did not expect to find [true] but found [false]
	at org.testng.Assert.fail(Assert.java:97)
	at org.testng.Assert.failNotEquals(Assert.java:969)
	at org.testng.Assert.assertTrue(Assert.java:43)
	at org.testng.Assert.assertTrue(Assert.java:53)
	at com.hrms.testcases.LeaveListPageTest.leaveLabelvalidation1(LeaveListPageTest.java:39)
</failure>
    <system-err>Starting ChromeDriver 79.0.3945.36 (3582db32b33893869b8c1339e8f4d9ed1816f143-refs/branch-heads/3945@{#614}) on port 23720
Only local connections are allowed.
Please protect ports used by ChromeDriver and related test frameworks to prevent access by malicious code.
[1580954273.207][WARNING]: This version of ChromeDriver has not been tested with Chrome version 80.
Feb 05, 2020 8:57:53 PM org.openqa.selenium.remote.ProtocolHandshake createSession
INFO: Detected dialect: W3C
</system-err>
  </testcase>
  <testcase classname="com.practice.Testing" name="testing" time="0"/>
  <testcase classname="com.hrms.testcases.AddEmployeePageTest" name="addMultipleEmpoyee" time="0.001">
    <failure type="java.lang.NullPointerException">java.lang.NullPointerException
	at com.hrms.testcases.AddEmployeePageTest.addMultipleEmpoyee(AddEmployeePageTest.java:25)
</failure>
    <system-err>Starting ChromeDriver 79.0.3945.36 (3582db32b33893869b8c1339e8f4d9ed1816f143-refs/branch-heads/3945@{#614}) on port 10203
Only local connections are allowed.
Please protect ports used by ChromeDriver and related test frameworks to prevent access by malicious code.
[1580954280.031][WARNING]: This version of ChromeDriver has not been tested with Chrome version 80.
Feb 05, 2020 8:58:00 PM org.openqa.selenium.remote.ProtocolHandshake createSession
INFO: Detected dialect: W3C
</system-err>
  </testcase>
  <testcase classname="com.hrms.testcases.AddEmployeePageTest" name="addMultipleEmpoyee" time="0.001">
    <failure type="java.lang.NullPointerException">java.lang.NullPointerException
	at com.hrms.testcases.AddEmployeePageTest.addMultipleEmpoyee(AddEmployeePageTest.java:25)
</failure>
    <system-err>Starting ChromeDriver 79.0.3945.36 (3582db32b33893869b8c1339e8f4d9ed1816f143-refs/branch-heads/3945@{#614}) on port 43047
Only local connections are allowed.
Please protect ports used by ChromeDriver and related test frameworks to prevent access by malicious code.
[1580954281.915][WARNING]: This version of ChromeDriver has not been tested with Chrome version 80.
Feb 05, 2020 8:58:01 PM org.openqa.selenium.remote.ProtocolHandshake createSession
INFO: Detected dialect: W3C
</system-err>
  </testcase>
  <testcase classname="com.hrms.testcases.AddEmployeePageTest" name="addMultipleEmpoyee" time="0.001">
    <failure type="java.lang.NullPointerException">java.lang.NullPointerException
	at com.hrms.testcases.AddEmployeePageTest.addMultipleEmpoyee(AddEmployeePageTest.java:25)
</failure>
    <system-err>Starting ChromeDriver 79.0.3945.36 (3582db32b33893869b8c1339e8f4d9ed1816f143-refs/branch-heads/3945@{#614}) on port 46787
Only local connections are allowed.
Please protect ports used by ChromeDriver and related test frameworks to prevent access by malicious code.
[1580954283.810][WARNING]: This version of ChromeDriver has not been tested with Chrome version 80.
Feb 05, 2020 8:58:03 PM org.openqa.selenium.remote.ProtocolHandshake createSession
INFO: Detected dialect: W3C
</system-err>
  </testcase>
  <testcase classname="com.hrms.testcases.AddEmployeePageTest" name="addMultipleEmpoyee" time="0.001">
    <failure type="java.lang.NullPointerException">java.lang.NullPointerException
	at com.hrms.testcases.AddEmployeePageTest.addMultipleEmpoyee(AddEmployeePageTest.java:25)
</failure>
    <system-err>Starting ChromeDriver 79.0.3945.36 (3582db32b33893869b8c1339e8f4d9ed1816f143-refs/branch-heads/3945@{#614}) on port 34174
Only local connections are allowed.
Please protect ports used by ChromeDriver and related test frameworks to prevent access by malicious code.
[1580954285.679][WARNING]: This version of ChromeDriver has not been tested with Chrome version 80.
Feb 05, 2020 8:58:05 PM org.openqa.selenium.remote.ProtocolHandshake createSession
INFO: Detected dialect: W3C
</system-err>
  </testcase>
  <testcase classname="com.hrms.testcases.AddEmployeePageTest" name="addMultipleEmpoyee" time="0.001">
    <failure type="java.lang.NullPointerException">java.lang.NullPointerException
	at com.hrms.testcases.AddEmployeePageTest.addMultipleEmpoyee(AddEmployeePageTest.java:25)
</failure>
    <system-err>Starting ChromeDriver 79.0.3945.36 (3582db32b33893869b8c1339e8f4d9ed1816f143-refs/branch-heads/3945@{#614}) on port 41586
Only local connections are allowed.
Please protect ports used by ChromeDriver and related test frameworks to prevent access by malicious code.
[1580954287.566][WARNING]: This version of ChromeDriver has not been tested with Chrome version 80.
Feb 05, 2020 8:58:07 PM org.openqa.selenium.remote.ProtocolHandshake createSession
INFO: Detected dialect: W3C
</system-err>
  </testcase>
  <testcase classname="com.hrms.testcases.AddEmployeePageTest" name="addMultipleEmpoyee" time="0">
    <failure type="java.lang.NullPointerException">java.lang.NullPointerException
	at com.hrms.testcases.AddEmployeePageTest.addMultipleEmpoyee(AddEmployeePageTest.java:25)
</failure>
    <system-err>Starting ChromeDriver 79.0.3945.36 (3582db32b33893869b8c1339e8f4d9ed1816f143-refs/branch-heads/3945@{#614}) on port 18453
Only local connections are allowed.
Please protect ports used by ChromeDriver and related test frameworks to prevent access by malicious code.
[1580954289.497][WARNING]: This version of ChromeDriver has not been tested with Chrome version 80.
Feb 05, 2020 8:58:09 PM org.openqa.selenium.remote.ProtocolHandshake createSession
INFO: Detected dialect: W3C
</system-err>
  </testcase>
  <testcase classname="com.hrms.testcases.AddEmployeePageTest" name="addMultipleEmpoyee" time="0.001">
    <failure type="java.lang.NullPointerException">java.lang.NullPointerException
	at com.hrms.testcases.AddEmployeePageTest.addMultipleEmpoyee(AddEmployeePageTest.java:25)
</failure>
    <system-err>Starting ChromeDriver 79.0.3945.36 (3582db32b33893869b8c1339e8f4d9ed1816f143-refs/branch-heads/3945@{#614}) on port 9372
Only local connections are allowed.
Please protect ports used by ChromeDriver and related test frameworks to prevent access by malicious code.
[1580954291.540][WARNING]: This version of ChromeDriver has not been tested with Chrome version 80.
Feb 05, 2020 8:58:11 PM org.openqa.selenium.remote.ProtocolHandshake createSession
INFO: Detected dialect: W3C
</system-err>
  </testcase>
  <testcase classname="com.hrms.testcases.AddEmployeePageTest" name="addMultipleEmpoyee" time="0.001">
    <failure type="java.lang.NullPointerException">java.lang.NullPointerException
	at com.hrms.testcases.AddEmployeePageTest.addMultipleEmpoyee(AddEmployeePageTest.java:25)
</failure>
    <system-err>Starting ChromeDriver 79.0.3945.36 (3582db32b33893869b8c1339e8f4d9ed1816f143-refs/branch-heads/3945@{#614}) on port 36221
Only local connections are allowed.
Please protect ports used by ChromeDriver and related test frameworks to prevent access by malicious code.
[1580954293.482][WARNING]: This version of ChromeDriver has not been tested with Chrome version 80.
Feb 05, 2020 8:58:13 PM org.openqa.selenium.remote.ProtocolHandshake createSession
INFO: Detected dialect: W3C
</system-err>
  </testcase>
  <testcase classname="com.hrms.testcases.AddEmployeePageTest" name="addMultipleEmpoyee" time="0.001">
    <failure type="java.lang.NullPointerException">java.lang.NullPointerException
	at com.hrms.testcases.AddEmployeePageTest.addMultipleEmpoyee(AddEmployeePageTest.java:25)
</failure>
    <system-err>Starting ChromeDriver 79.0.3945.36 (3582db32b33893869b8c1339e8f4d9ed1816f143-refs/branch-heads/3945@{#614}) on port 19882
Only local connections are allowed.
Please protect ports used by ChromeDriver and related test frameworks to prevent access by malicious code.
[1580954295.314][WARNING]: This version of ChromeDriver has not been tested with Chrome version 80.
Feb 05, 2020 8:58:15 PM org.openqa.selenium.remote.ProtocolHandshake createSession
INFO: Detected dialect: W3C
</system-err>
  </testcase>
  <testcase classname="com.hrms.testcases.AddEmployeePageTest" name="addMultipleEmpoyee" time="0">
    <failure type="java.lang.NullPointerException">java.lang.NullPointerException
	at com.hrms.testcases.AddEmployeePageTest.addMultipleEmpoyee(AddEmployeePageTest.java:25)
</failure>
    <system-err>Starting ChromeDriver 79.0.3945.36 (3582db32b33893869b8c1339e8f4d9ed1816f143-refs/branch-heads/3945@{#614}) on port 44002
Only local connections are allowed.
Please protect ports used by ChromeDriver and related test frameworks to prevent access by malicious code.
[1580954297.194][WARNING]: This version of ChromeDriver has not been tested with Chrome version 80.
Feb 05, 2020 8:58:17 PM org.openqa.selenium.remote.ProtocolHandshake createSession
INFO: Detected dialect: W3C
</system-err>
  </testcase>
  <testcase classname="com.hrms.testcases.AddEmployeePageTest" name="addMultipleEmpoyee" time="0">
    <failure type="java.lang.NullPointerException">java.lang.NullPointerException
	at com.hrms.testcases.AddEmployeePageTest.addMultipleEmpoyee(AddEmployeePageTest.java:25)
</failure>
    <system-err>Starting ChromeDriver 79.0.3945.36 (3582db32b33893869b8c1339e8f4d9ed1816f143-refs/branch-heads/3945@{#614}) on port 9902
Only local connections are allowed.
Please protect ports used by ChromeDriver and related test frameworks to prevent access by malicious code.
[1580954299.031][WARNING]: This version of ChromeDriver has not been tested with Chrome version 80.
Feb 05, 2020 8:58:19 PM org.openqa.selenium.remote.ProtocolHandshake createSession
INFO: Detected dialect: W3C
</system-err>
  </testcase>
  <testcase classname="com.hrms.testcases.DashboardPageTest" name="validationEmpHasAdded" time="2.563">
    <failure message="chrome not reachable
  (Session info: chrome=80.0.3987.87)
Build info: version: &apos;3.141.59&apos;, revision: &apos;e82be7d358&apos;, time: &apos;2018-11-14T08:17:03&apos;
System info: host: &apos;MacBook-Pro-Zamira.local&apos;, ip: &apos;2601:343:8200:c40:0:0:0:cf44%en0&apos;, os.name: &apos;Mac OS X&apos;, os.arch: &apos;x86_64&apos;, os.version: &apos;10.14.6&apos;, java.version: &apos;1.8.0_221&apos;
Driver info: org.openqa.selenium.chrome.ChromeDriver
Capabilities {acceptInsecureCerts: false, browserName: chrome, browserVersion: 80.0.3987.87, chrome: {chromedriverVersion: 79.0.3945.36 (3582db32b3389..., userDataDir: /var/folders/c9/sm_v4zj13r5...}, goog:chromeOptions: {debuggerAddress: localhost:59621}, javascriptEnabled: true, networkConnectionEnabled: false, pageLoadStrategy: normal, platform: MAC, platformName: MAC, proxy: Proxy(), setWindowRect: true, strictFileInteractability: false, timeouts: {implicit: 0, pageLoad: 300000, script: 30000}, unhandledPromptBehavior: dismiss and notify}
Session ID: a7c61dee59706052a682569b7b0ce05c
*** Element info: {Using=id, value=menu_pim_addEmployee}" type="org.openqa.selenium.WebDriverException">org.openqa.selenium.WebDriverException: chrome not reachable
  (Session info: chrome=80.0.3987.87)
Build info: version: &apos;3.141.59&apos;, revision: &apos;e82be7d358&apos;, time: &apos;2018-11-14T08:17:03&apos;
System info: host: &apos;MacBook-Pro-Zamira.local&apos;, ip: &apos;2601:343:8200:c40:0:0:0:cf44%en0&apos;, os.name: &apos;Mac OS X&apos;, os.arch: &apos;x86_64&apos;, os.version: &apos;10.14.6&apos;, java.version: &apos;1.8.0_221&apos;
Driver info: org.openqa.selenium.chrome.ChromeDriver
Capabilities {acceptInsecureCerts: false, browserName: chrome, browserVersion: 80.0.3987.87, chrome: {chromedriverVersion: 79.0.3945.36 (3582db32b3389..., userDataDir: /var/folders/c9/sm_v4zj13r5...}, goog:chromeOptions: {debuggerAddress: localhost:59621}, javascriptEnabled: true, networkConnectionEnabled: false, pageLoadStrategy: normal, platform: MAC, platformName: MAC, proxy: Proxy(), setWindowRect: true, strictFileInteractability: false, timeouts: {implicit: 0, pageLoad: 300000, script: 30000}, unhandledPromptBehavior: dismiss and notify}
Session ID: a7c61dee59706052a682569b7b0ce05c
*** Element info: {Using=id, value=menu_pim_addEmployee}
	at sun.reflect.NativeConstructorAccessorImpl.newInstance0(Native Method)
	at sun.reflect.NativeConstructorAccessorImpl.newInstance(NativeConstructorAccessorImpl.java:62)
	at sun.reflect.DelegatingConstructorAccessorImpl.newInstance(DelegatingConstructorAccessorImpl.java:45)
	at java.lang.reflect.Constructor.newInstance(Constructor.java:423)
	at org.openqa.selenium.remote.http.W3CHttpResponseCodec.createException(W3CHttpResponseCodec.java:187)
	at org.openqa.selenium.remote.http.W3CHttpResponseCodec.decode(W3CHttpResponseCodec.java:122)
	at org.openqa.selenium.remote.http.W3CHttpResponseCodec.decode(W3CHttpResponseCodec.java:49)
	at org.openqa.selenium.remote.HttpCommandExecutor.execute(HttpCommandExecutor.java:158)
	at org.openqa.selenium.remote.service.DriverCommandExecutor.execute(DriverCommandExecutor.java:83)
	at org.openqa.selenium.remote.RemoteWebDriver.execute(RemoteWebDriver.java:552)
	at org.openqa.selenium.remote.RemoteWebDriver.findElement(RemoteWebDriver.java:323)
	at org.openqa.selenium.remote.RemoteWebDriver.findElementById(RemoteWebDriver.java:372)
	at org.openqa.selenium.By$ById.findElement(By.java:188)
	at org.openqa.selenium.remote.RemoteWebDriver.findElement(RemoteWebDriver.java:315)
	at org.openqa.selenium.support.pagefactory.DefaultElementLocator.findElement(DefaultElementLocator.java:69)
	at org.openqa.selenium.support.pagefactory.internal.LocatingElementHandler.invoke(LocatingElementHandler.java:38)
	at com.sun.proxy.$Proxy10.getWrappedElement(Unknown Source)
	at org.openqa.selenium.remote.internal.WebElementToJsonConverter.apply(WebElementToJsonConverter.java:50)
	at java.util.stream.ReferencePipeline$3$1.accept(ReferencePipeline.java:193)
	at java.util.Spliterators$ArraySpliterator.forEachRemaining(Spliterators.java:948)
	at java.util.stream.AbstractPipeline.copyInto(AbstractPipeline.java:482)
	at java.util.stream.AbstractPipeline.wrapAndCopyInto(AbstractPipeline.java:472)
	at java.util.stream.ReduceOps$ReduceOp.evaluateSequential(ReduceOps.java:708)
	at java.util.stream.AbstractPipeline.evaluate(AbstractPipeline.java:234)
	at java.util.stream.ReferencePipeline.collect(ReferencePipeline.java:499)
	at org.openqa.selenium.remote.RemoteWebDriver.executeScript(RemoteWebDriver.java:484)
	at com.hrms.utils.CommonMethods.jsClick(CommonMethods.java:123)
	at com.hrms.testcases.DashboardPageTest.validationEmpHasAdded(DashboardPageTest.java:37)
</failure>
    <system-err>Starting ChromeDriver 79.0.3945.36 (3582db32b33893869b8c1339e8f4d9ed1816f143-refs/branch-heads/3945@{#614}) on port 3395
Only local connections are allowed.
Please protect ports used by ChromeDriver and related test frameworks to prevent access by malicious code.
[1580954300.880][WARNING]: This version of ChromeDriver has not been tested with Chrome version 80.
Feb 05, 2020 8:58:20 PM org.openqa.selenium.remote.ProtocolHandshake createSession
INFO: Detected dialect: W3C
</system-err>
  </testcase>
  <testcase classname="com.hrms.testcases.DashboardPageTest" name="welcome" time="1.525">
    <failure message="no such window: window was already closed
  (Session info: chrome=80.0.3987.87)
Build info: version: &apos;3.141.59&apos;, revision: &apos;e82be7d358&apos;, time: &apos;2018-11-14T08:17:03&apos;
System info: host: &apos;MacBook-Pro-Zamira.local&apos;, ip: &apos;2601:343:8200:c40:0:0:0:cf44%en0&apos;, os.name: &apos;Mac OS X&apos;, os.arch: &apos;x86_64&apos;, os.version: &apos;10.14.6&apos;, java.version: &apos;1.8.0_221&apos;
Driver info: org.openqa.selenium.chrome.ChromeDriver
Capabilities {acceptInsecureCerts: false, browserName: chrome, browserVersion: 80.0.3987.87, chrome: {chromedriverVersion: 79.0.3945.36 (3582db32b3389..., userDataDir: /var/folders/c9/sm_v4zj13r5...}, goog:chromeOptions: {debuggerAddress: localhost:59646}, javascriptEnabled: true, networkConnectionEnabled: false, pageLoadStrategy: normal, platform: MAC, platformName: MAC, proxy: Proxy(), setWindowRect: true, strictFileInteractability: false, timeouts: {implicit: 0, pageLoad: 300000, script: 30000}, unhandledPromptBehavior: dismiss and notify}
Session ID: 7357e4348f31dbd5dd0f5775cf80dfbc
*** Element info: {Using=xpath, value=//*[@id=&apos;welcome&apos;]}" type="org.openqa.selenium.NoSuchWindowException">org.openqa.selenium.NoSuchWindowException: no such window: window was already closed
  (Session info: chrome=80.0.3987.87)
Build info: version: &apos;3.141.59&apos;, revision: &apos;e82be7d358&apos;, time: &apos;2018-11-14T08:17:03&apos;
System info: host: &apos;MacBook-Pro-Zamira.local&apos;, ip: &apos;2601:343:8200:c40:0:0:0:cf44%en0&apos;, os.name: &apos;Mac OS X&apos;, os.arch: &apos;x86_64&apos;, os.version: &apos;10.14.6&apos;, java.version: &apos;1.8.0_221&apos;
Driver info: org.openqa.selenium.chrome.ChromeDriver
Capabilities {acceptInsecureCerts: false, browserName: chrome, browserVersion: 80.0.3987.87, chrome: {chromedriverVersion: 79.0.3945.36 (3582db32b3389..., userDataDir: /var/folders/c9/sm_v4zj13r5...}, goog:chromeOptions: {debuggerAddress: localhost:59646}, javascriptEnabled: true, networkConnectionEnabled: false, pageLoadStrategy: normal, platform: MAC, platformName: MAC, proxy: Proxy(), setWindowRect: true, strictFileInteractability: false, timeouts: {implicit: 0, pageLoad: 300000, script: 30000}, unhandledPromptBehavior: dismiss and notify}
Session ID: 7357e4348f31dbd5dd0f5775cf80dfbc
*** Element info: {Using=xpath, value=//*[@id=&apos;welcome&apos;]}
	at sun.reflect.NativeConstructorAccessorImpl.newInstance0(Native Method)
	at sun.reflect.NativeConstructorAccessorImpl.newInstance(NativeConstructorAccessorImpl.java:62)
	at sun.reflect.DelegatingConstructorAccessorImpl.newInstance(DelegatingConstructorAccessorImpl.java:45)
	at java.lang.reflect.Constructor.newInstance(Constructor.java:423)
	at org.openqa.selenium.remote.http.W3CHttpResponseCodec.createException(W3CHttpResponseCodec.java:187)
	at org.openqa.selenium.remote.http.W3CHttpResponseCodec.decode(W3CHttpResponseCodec.java:122)
	at org.openqa.selenium.remote.http.W3CHttpResponseCodec.decode(W3CHttpResponseCodec.java:49)
	at org.openqa.selenium.remote.HttpCommandExecutor.execute(HttpCommandExecutor.java:158)
	at org.openqa.selenium.remote.service.DriverCommandExecutor.execute(DriverCommandExecutor.java:83)
	at org.openqa.selenium.remote.RemoteWebDriver.execute(RemoteWebDriver.java:552)
	at org.openqa.selenium.remote.RemoteWebDriver.findElement(RemoteWebDriver.java:323)
	at org.openqa.selenium.remote.RemoteWebDriver.findElementByXPath(RemoteWebDriver.java:428)
	at org.openqa.selenium.By$ByXPath.findElement(By.java:353)
	at org.openqa.selenium.remote.RemoteWebDriver.findElement(RemoteWebDriver.java:315)
	at org.openqa.selenium.support.pagefactory.DefaultElementLocator.findElement(DefaultElementLocator.java:69)
	at org.openqa.selenium.support.pagefactory.internal.LocatingElementHandler.invoke(LocatingElementHandler.java:38)
	at com.sun.proxy.$Proxy10.isDisplayed(Unknown Source)
	at com.hrms.testcases.DashboardPageTest.welcome(DashboardPageTest.java:25)
</failure>
    <system-err>Starting ChromeDriver 79.0.3945.36 (3582db32b33893869b8c1339e8f4d9ed1816f143-refs/branch-heads/3945@{#614}) on port 20926
Only local connections are allowed.
Please protect ports used by ChromeDriver and related test frameworks to prevent access by malicious code.
[1580954305.295][WARNING]: This version of ChromeDriver has not been tested with Chrome version 80.
Feb 05, 2020 8:58:25 PM org.openqa.selenium.remote.ProtocolHandshake createSession
INFO: Detected dialect: W3C
</system-err>
  </testcase>
</testsuite>